<?xml version="1.0" encoding="UTF-8"?>
<!-- Generated by org.testng.reporters.JUnitReportReporter -->
<testsuite name="com.ClickOnLocal" tests="1" time="0.707" ignored="0" failures="0" timestamp="26 Jul 2017 09:04:44 GMT" skipped="0" hostname="MMSVD9328" errors="0">
  <testcase name="testEnterFromPlace" time="0.707" classname="com.ClickOnLocal"/>
</testsuite> <!-- com.ClickOnLocal -->
