<?xml version="1.0" encoding="UTF-8"?>
<!-- Generated by org.testng.reporters.JUnitReportReporter -->
<testsuite name="com.ClickOnHotels" tests="1" time="4.849" ignored="0" failures="0" timestamp="26 Jul 2017 08:51:07 GMT" skipped="0" hostname="MMSVD9328" errors="0">
  <testcase name="testEnterFromPlace" time="4.849" classname="com.ClickOnHotels"/>
</testsuite> <!-- com.ClickOnHotels -->
